<?xml version="1.0" encoding="UTF-8"?>
<!-- Generated by org.testng.reporters.JUnitReportReporter -->
<testsuite skipped="0" hostname="BNGWIP-L-98501" name="com.pack.common.tests_eBooks.demo" tests="1" failures="0" timestamp="11 Jul 2018 10:07:18 GMT" time="95.966" errors="0">
  <testcase name="demo" time="95.966" classname="com.pack.common.tests_eBooks.demo"/>
</testsuite> <!-- com.pack.common.tests_eBooks.demo -->
